Denys Lashkov KV-33
Listing | Second view
                                                
1                                             DATA segment
2  
3  0000 05                            VAL1 DB 101B
4  0001 0a                            VALB1 DB 10
5  0002 0a                            VALB2 DB 0AH
6  0003 18                            VALB3 DB 12+12*(6-4)/2
7  
8  0004 00 07                         VAL2 DW 0111B
9  0006 ff f0                         VALW1 DW -16
10  0008 00 2d                         VALW2 DW 45D
11  000a 00 32                         ABCDE DW 32H
12  
13  
14  000c 12 34 56 78                   VAL3 DD 12345678H
15  0010 00 00 00 0d                   VALD1 DD 1101B
16  0014 00 00 00 2d                   VALD2 DD 45D
17  0018 00 00 00 0f                   VALD3 DD 12+6*(6-4)/4
18  
19  001c 80                            X DB -128
20  001d 00 10                         Y DW 2*5*5/5-4+10
21  001f ff ff ff ff                   Z DD 0FFFFFFFFH
22                                             DATA ends
23  
24                                             CODE segment
25  0000    fa                            CLI
26  0001    eb 7d 90                      JMP L1
27  0004    eb 7c 90                      JMP L2
28  0007 00 ab                         CODEV DW 0ABH
29  
30  0009    2e: ff 36 00 07r                  PUSH CODEV
31  000e    2e: ff 36 00 07r                  PUSH CS:CODEV
32  0013    ff 36 00 07r                  PUSH DS:CODEV
33  
34  0017    ff 36 00 04r                  PUSH VAL2
35  001b    66| 26: ff 36 00 0cr                  PUSH ES:VAL3
36  0021    66| ff 36 00 18r                  PUSH DS:VALD3
37  
38  0026    2e: ff 36 00 07r                  PUSH CODEV
39  002b    2e: ff 36 00 07r                  PUSH CS:CODEV
40  0030    ff 36 00 07r                  PUSH DS:CODEV
41  
42  0034    ff 36 00 04r                  PUSH VAL2
43  0038    66| 26: ff 36 00 0cr                  PUSH ES:VAL3
44  003e    66| ff 36 00 18r                  PUSH DS:VALD3
45  
46  0043    66| 0f a3 df                      BT EDI, EBX
47  0047    0f a3 c7                      BT DI, AX
48  
49  004a    8d 95 00 07r                  LEA DX, CODEV[DI]
50  004e    bb 00 10r                     LEA BX, VALD1
51  0051    66| 67| 8d 85 00 00 00 0cr            LEA EAX, VAL3[EBP]
52  
53  0059    e6 10                         OUT 10H, AL
54  005b    e7 20                         OUT 20H, AX
55  005d    66| e7 01                         OUT 001B, EAX
56  
57  0060    66| 81 3e 00 10r 00 00 de ad      CMP VALD1, 0DEADH
58  0069    66| 83 3e 00 0cr 05               CMP VAL3, 0101B
59  006f    66| 83 3e 00 18r 0f               CMP VALD3, 12+6*(6-4)/4
60  0075    83 3e 00 0ar 32               CMP ABCDE, 32H
61  
62  007a    75 02 90 90                   JNZ MARK2
63  007e                              MARK2:
64  007e    75 fe                         JNZ MARK2
65  
66  0080                              L1:
67  0080    eb fe                         JMP L1
68  0082                              L2:
69                                             CODE ends
70  0082                                  END
71  
72  


SYMBOLS TABLE:
VARIABLES:
Name:CODEV      Segment:CODE   Offset: 0007
Name:VAL1       Segment:DATA   Offset: 0000
Name:VALB1      Segment:DATA   Offset: 0001
Name:VALB2      Segment:DATA   Offset: 0002
Name:VALB3      Segment:DATA   Offset: 0003
Name:VAL2       Segment:DATA   Offset: 0004
Name:VALW1      Segment:DATA   Offset: 0006
Name:VALW2      Segment:DATA   Offset: 0008
Name:ABCDE      Segment:DATA   Offset: 000a
Name:VAL3       Segment:DATA   Offset: 000c
Name:VALD1      Segment:DATA   Offset: 0010
Name:VALD2      Segment:DATA   Offset: 0014
Name:VALD3      Segment:DATA   Offset: 0018
Name:X          Segment:DATA   Offset: 001c
Name:Y          Segment:DATA   Offset: 001d
Name:Z          Segment:DATA   Offset: 001f
LABELS:
Name:MARK2      Segment:CODE   Offset: 007e
Name:L1         Segment:CODE   Offset: 0080
Name:L2         Segment:CODE   Offset: 0082
Errors list:
No errors found.
